<?xml version="1.0" encoding="UTF-8"?>
<!-- Generated by org.testng.reporters.JUnitReportReporter -->
<testsuite hostname="HTSPC91" name="runner.test" tests="3" failures="0" timestamp="16 Apr 2019 13:55:28 GMT" time="114.399" errors="0">
  <testcase name="executeSessionTwo" time="38.119" classname="runner.test"/>
  <testcase name="executSessionThree" time="38.161" classname="runner.test"/>
  <testcase name="executSessionOne" time="38.119" classname="runner.test"/>
</testsuite> <!-- runner.test -->
